2023.04.18 15:53:54 INFO  Started: Metals version 0.11.11 in workspace '/Users/sofia.ferreira/Source/FunctionalProgrammingScala' for client Visual Studio Code 1.74.0.
SLF4J: No SLF4J providers were found.
SLF4J: Defaulting to no-operation (NOP) logger implementation
SLF4J: See https://www.slf4j.org/codes.html#noProviders for further details.
SLF4J: Class path contains SLF4J bindings targeting slf4j-api versions 1.7.x or earlier.
SLF4J: Ignoring binding found at [jar:file:/Users/sofia.ferreira/Library/Caches/Coursier/v1/https/repo1.maven.org/maven2/com/outr/scribe-slf4j_2.13/3.11.0/scribe-slf4j_2.13-3.11.0.jar!/org/slf4j/impl/StaticLoggerBinder.class]
SLF4J: See https://www.slf4j.org/codes.html#ignoredBindings for an explanation.
2023.04.18 15:53:54 INFO  time: initialize in 0.3s
2023.04.18 15:53:55 WARN  Build server is not auto-connectable.
2023.04.18 15:53:55 WARN  no build tool detected in workspace '/Users/sofia.ferreira/Source/FunctionalProgrammingScala'. The most common cause for this problem is that the editor was opened in the wrong working directory, for example if you use sbt then the workspace directory should contain build.sbt. 
2023.04.18 15:53:55 WARN  no build target for: /Users/sofia.ferreira/Source/FunctionalProgrammingScala/functionalprogrammingscala/src/main/scala/Main.scala
2023.04.18 15:53:57 INFO  no build target found for /Users/sofia.ferreira/Source/FunctionalProgrammingScala/functionalprogrammingscala/src/main/scala/Main.scala. Using presentation compiler with project's scala-library version: 3.2.2
2023.04.18 15:53:57 INFO  time: code lens generation in 2.37s
2023.04.18 15:56:10 WARN  no build target for: /Users/sofia.ferreira/Source/FunctionalProgrammingScala/functionalprogrammingscala/src/main/scala/week1/Lists.scala
Apr 18, 2023 3:57:43 PM org.eclipse.lsp4j.jsonrpc.RemoteEndpoint handleNotification
WARNING: Notification threw an exception: {
  "jsonrpc": "2.0",
  "method": "textDocument/didOpen",
  "params": {
    "textDocument": {
      "uri": "file:///Users/sofia.ferreira/Source/FunctionalProgrammingScala/functionalprogrammingscala/project/example/ListsSuite.scala",
      "languageId": "scala",
      "version": 1,
      "text": "package example\n\n/**\n * This class implements a munit test suite for the methods in object\n * `Lists` that need to be implemented as part of this assignment. A test\n * suite is simply a collection of individual tests for some specific\n * component of a program.\n *\n * To run this test suite, start \"sbt\" then run the \"test\" command.\n */\nclass ListsSuite extends munit.FunSuite:\n\n  /**\n   * Tests are written using the `test(\"description\") { ... }` syntax\n   * The most common way to implement a test body is using the method `assert`\n   * which tests that its argument evaluates to `true`. So one of the simplest\n   * successful tests is the following:\n   */\n  test(\"one plus one is two (0pts)\") {\n    assert(1 + 1 \u003d\u003d 2)\n  }\n\n  test(\"one plus one is three (0pts)?\") {\n    assert(1 + 1 \u003d\u003d 2) // This assertion fails! Go ahead and fix it.\n  }\n\n  /**\n   * One problem with the previous (failing) test is that munit will\n   * only tell you that a test failed, but it will not tell you what was\n   * the reason for the failure. The output looks like this:\n   *\n   * {{{\n   * \u003d\u003d\u003e X example.ListSuite.one plus one is three (0pts)?  0.007s munit.FailException: /tmp/example/src/test/scala/example/ListSuite.scala:26 assertion failed\n   * 25:  test(\"one plus one is two (0pts)\") {\n   * 26:      assert(1 + 1 \u003d\u003d 3)\n   * 27:  }\n   * }}}\n   *\n   * This situation can be improved by using a assertEquals\n   * (this is only possible in munit). So if you\n   * run the next test, munit will show the following output:\n   *\n   * {{{\n   * \u003d\u003d\u003e X example.ListSuite.details why one plus one is not three (0pts)  0.006s munit.FailException: /tmp/example/src/test/scala/example/ListSuite.scala:72\n   * 71:  test(\"details why one plus one is not three (0pts)\") {\n   * 72:      assertEquals(1 + 1, 3) // Fix me, please!\n   * 73:  }\n   * values are not the same\n   * \u003d\u003e Obtained\n   * 3\n   * \u003d\u003e Diff (- obtained, + expected)\n   * -3\n   * +2\n   * }}}\n   *\n   * We recommend to always use the assertEquals equality operator\n   * when writing tests.\n   */\n  test(\"details why one plus one is not three (0pts)\") {\n    assertEquals(1 + 1, 2) // Fix me, please!\n  }\n\n  /**\n   * Exceptional behavior of a methods can be tested using a try/catch\n   * and a failed assertion.\n   *\n   * In the following example, we test the fact that the method `intNotZero`\n   * throws an `IllegalArgumentException` if its argument is `0`.\n   */\n   test(\"intNotZero throws an exception if its argument is 0\") {\n     try\n       intNotZero(0)\n       fail(\"No exception has been thrown\")\n     catch\n       case e: IllegalArgumentException \u003d\u003e ()\n   }\n\n   def intNotZero(x: Int): Int \u003d\n     if x \u003d\u003d 0 then throw IllegalArgumentException(\"zero is not allowed\")\n     else x\n\n  /**\n   * Now we finally write some tests for the list functions that have to be\n   * implemented for this assignment. We fist import all members of the\n   * `List` object.\n   */\n  import Lists.*\n\n\n  /**\n   * We only provide two very basic tests for you. Write more tests to make\n   * sure your `sum` and `max` methods work as expected.\n   *\n   * In particular, write tests for corner cases: negative numbers, zeros,\n   * empty lists, lists with repeated elements, etc.\n   *\n   * It is allowed to have multiple `assert` statements inside one test,\n   * however it is recommended to write an individual `test` statement for\n   * every tested aspect of a method.\n   */\n  test(\"sum of a few numbers (10pts)\") {\n    assert(sum(List(1,2,0)) \u003d\u003d 3)\n  }\n\n  test(\"max of a few numbers (10pts)\") {\n    assert(max(List(3, 7, 2)) \u003d\u003d 7)\n  }\n\n\n\n  import scala.concurrent.duration.*\n  override val munitTimeout \u003d 1.seconds\n"
    }
  }
}
java.lang.RuntimeException: java.lang.reflect.InvocationTargetException
	at org.eclipse.lsp4j.jsonrpc.services.GenericEndpoint.lambda$null$0(GenericEndpoint.java:67)
	at org.eclipse.lsp4j.jsonrpc.services.GenericEndpoint.notify(GenericEndpoint.java:152)
	at org.eclipse.lsp4j.jsonrpc.RemoteEndpoint.handleNotification(RemoteEndpoint.java:220)
	at org.eclipse.lsp4j.jsonrpc.RemoteEndpoint.consume(RemoteEndpoint.java:187)
	at org.eclipse.lsp4j.jsonrpc.json.StreamMessageProducer.handleMessage(StreamMessageProducer.java:194)
	at org.eclipse.lsp4j.jsonrpc.json.StreamMessageProducer.listen(StreamMessageProducer.java:94)
	at org.eclipse.lsp4j.jsonrpc.json.ConcurrentMessageProcessor.run(ConcurrentMessageProcessor.java:113)
	at java.base/java.util.concurrent.Executors$RunnableAdapter.call(Executors.java:539)
	at java.base/java.util.concurrent.FutureTask.run(FutureTask.java:264)
	at java.base/java.util.concurrent.ThreadPoolExecutor.runWorker(ThreadPoolExecutor.java:1136)
	at java.base/java.util.concurrent.ThreadPoolExecutor$Worker.run(ThreadPoolExecutor.java:635)
	at java.base/java.lang.Thread.run(Thread.java:833)
Caused by: java.lang.reflect.InvocationTargetException
	at java.base/jdk.internal.reflect.DirectMethodHandleAccessor.invoke(DirectMethodHandleAccessor.java:119)
	at java.base/java.lang.reflect.Method.invoke(Method.java:577)
	at org.eclipse.lsp4j.jsonrpc.services.GenericEndpoint.lambda$null$0(GenericEndpoint.java:65)
	... 11 more
Caused by: java.nio.file.NoSuchFileException: /Users/sofia.ferreira/Source/FunctionalProgrammingScala/functionalprogrammingscala/project/example/ListsSuite.scala
	at java.base/sun.nio.fs.UnixException.translateToIOException(UnixException.java:92)
	at java.base/sun.nio.fs.UnixException.rethrowAsIOException(UnixException.java:106)
	at java.base/sun.nio.fs.UnixException.rethrowAsIOException(UnixException.java:111)
	at java.base/sun.nio.fs.UnixFileSystemProvider.newByteChannel(UnixFileSystemProvider.java:218)
	at java.base/java.nio.file.Files.newByteChannel(Files.java:380)
	at java.base/java.nio.file.Files.newByteChannel(Files.java:432)
	at java.base/java.nio.file.Files.readAllBytes(Files.java:3289)
	at scala.meta.internal.io.PlatformFileIO$.slurp(PlatformFileIO.scala:45)
	at scala.meta.internal.io.FileIO$.slurp(FileIO.scala:24)
	at scala.meta.internal.metals.MetalsLspService.didOpen(MetalsLspService.scala:1097)
	at scala.meta.metals.lsp.DelegatingScalaService.didOpen(DelegatingScalaService.scala:39)
	at java.base/jdk.internal.reflect.DirectMethodHandleAccessor.invoke(DirectMethodHandleAccessor.java:104)
	... 13 more

2023.04.18 15:57:43 WARN  no build target for: /Users/sofia.ferreira/Source/FunctionalProgrammingScala/functionalprogrammingscala/project/test/scala/example/ListsSuite.scala
2023.04.18 15:59:23 WARN  no build target for: /Users/sofia.ferreira/Source/FunctionalProgrammingScala/functionalprogrammingscala/project/test/scala/example/ListsSuite.scala
2023.04.18 15:59:58 WARN  no build target for: /Users/sofia.ferreira/Source/FunctionalProgrammingScala/functionalprogrammingscala/src/main/scala/week1/Lists.scala
2023.04.18 15:59:58 WARN  no build target for: /Users/sofia.ferreira/Source/FunctionalProgrammingScala/functionalprogrammingscala/src/main/scala/example/Lists.scala
2023.04.18 16:00:03 WARN  no build target for: /Users/sofia.ferreira/Source/FunctionalProgrammingScala/functionalprogrammingscala/src/main/scala/Main.scala
2023.04.18 16:00:05 WARN  no build target for: /Users/sofia.ferreira/Source/FunctionalProgrammingScala/functionalprogrammingscala/src/main/scala/example/Lists.scala
2023.04.18 16:00:50 WARN  no build target for: /Users/sofia.ferreira/Source/FunctionalProgrammingScala/functionalprogrammingscala/src/main/scala/week1/RecFun.scala
2023.04.18 16:00:58 WARN  no build target for: /Users/sofia.ferreira/Source/FunctionalProgrammingScala/functionalprogrammingscala/src/main/scala/week1/RecFunInterface.scala
2023.04.18 16:01:30 WARN  no build target for: /Users/sofia.ferreira/Source/FunctionalProgrammingScala/functionalprogrammingscala/project/test/scala/week1/RecFunSuite.scala
2023.04.19 15:34:05 INFO  Shutting down server
2023.04.19 15:34:05 INFO  shutting down Metals
2023.04.19 15:34:05 INFO  Exiting server
2023.04.21 18:00:39 INFO  Started: Metals version 0.11.11 in workspace '/Users/sofia.ferreira/Source/FunctionalProgrammingScala' for client Visual Studio Code 1.74.0.
SLF4J: No SLF4J providers were found.
SLF4J: Defaulting to no-operation (NOP) logger implementation
SLF4J: See https://www.slf4j.org/codes.html#noProviders for further details.
SLF4J: Class path contains SLF4J bindings targeting slf4j-api versions 1.7.x or earlier.
SLF4J: Ignoring binding found at [jar:file:/Users/sofia.ferreira/Library/Caches/Coursier/v1/https/repo1.maven.org/maven2/com/outr/scribe-slf4j_2.13/3.11.0/scribe-slf4j_2.13-3.11.0.jar!/org/slf4j/impl/StaticLoggerBinder.class]
SLF4J: See https://www.slf4j.org/codes.html#ignoredBindings for an explanation.
2023.04.21 18:00:39 INFO  time: initialize in 0.29s
2023.04.21 18:00:39 WARN  Build server is not auto-connectable.
2023.04.21 18:00:39 WARN  no build tool detected in workspace '/Users/sofia.ferreira/Source/FunctionalProgrammingScala'. The most common cause for this problem is that the editor was opened in the wrong working directory, for example if you use sbt then the workspace directory should contain build.sbt. 
2023.04.21 18:00:40 WARN  no build target for: /Users/sofia.ferreira/Source/FunctionalProgrammingScala/functionalprogrammingscala/src/main/scala/Main.scala
2023.04.21 18:00:41 INFO  no build target found for /Users/sofia.ferreira/Source/FunctionalProgrammingScala/functionalprogrammingscala/src/main/scala/Main.scala. Using presentation compiler with project's scala-library version: 3.2.2
2023.04.21 18:00:42 INFO  time: code lens generation in 1.75s
2023.04.23 16:55:27 WARN  no build target for: /Users/sofia.ferreira/Source/FunctionalProgrammingScala/functionalprogrammingscala/project/test/scala/week2/FunSets.scala
2023.04.23 16:56:24 WARN  no build target for: /Users/sofia.ferreira/Source/FunctionalProgrammingScala/functionalprogrammingscala/src/main/scala/week1/RecFunInterface.scala
2023.04.23 16:56:25 WARN  no build target for: /Users/sofia.ferreira/Source/FunctionalProgrammingScala/functionalprogrammingscala/src/main/scala/week2/Main.scala
2023.04.23 16:56:27 WARN  no build target for: /Users/sofia.ferreira/Source/FunctionalProgrammingScala/functionalprogrammingscala/src/main/scala/Main.scala
2023.04.23 16:56:28 WARN  no build target for: /Users/sofia.ferreira/Source/FunctionalProgrammingScala/functionalprogrammingscala/src/main/scala/week2/Main.scala
2023.04.23 16:56:59 WARN  no build target for: /Users/sofia.ferreira/Source/FunctionalProgrammingScala/functionalprogrammingscala/project/test/scala/week2/FunSetSuite.scala
2023.04.23 16:57:06 WARN  no build target for: /Users/sofia.ferreira/Source/FunctionalProgrammingScala/functionalprogrammingscala/src/main/scala/week2/FunSetsInterface.scala
2023.04.23 16:57:07 WARN  no build target for: /Users/sofia.ferreira/Source/FunctionalProgrammingScala/functionalprogrammingscala/src/main/scala/week2/FunSets.scala
2023.04.23 16:57:58 INFO  Shutting down server
2023.04.23 16:57:58 INFO  shutting down Metals
2023.04.23 16:57:58 INFO  Exiting server
2023.04.30 13:33:47 INFO  Started: Metals version 0.11.12 in workspace '/Users/sofia.ferreira/Source/FunctionalProgrammingScala' for client Visual Studio Code 1.74.0.
Apr 30, 2023 1:33:47 PM org.flywaydb.core.internal.license.VersionPrinter printVersionOnly
INFO: Flyway Community Edition 9.16.3 by Redgate
Apr 30, 2023 1:33:47 PM org.flywaydb.core.internal.license.VersionPrinter printVersion
INFO: See release notes here: https://rd.gt/416ObMi
Apr 30, 2023 1:33:47 PM org.flywaydb.core.internal.license.VersionPrinter printVersion
INFO: 
Apr 30, 2023 1:33:48 PM org.flywaydb.core.internal.database.base.BaseDatabaseType createDatabase
INFO: Database: jdbc:h2:file:/Users/sofia.ferreira/Source/FunctionalProgrammingScala/.metals/metals (H2 2.1)
Apr 30, 2023 1:33:48 PM org.flywaydb.core.internal.command.DbValidate validate
INFO: Successfully validated 4 migrations (execution time 00:00.008s)
Apr 30, 2023 1:33:48 PM org.flywaydb.core.internal.command.DbMigrate migrateGroup
INFO: Current version of schema "PUBLIC": 4
Apr 30, 2023 1:33:48 PM org.flywaydb.core.internal.command.DbMigrate logSummary
INFO: Schema "PUBLIC" is up to date. No migration necessary.
2023.04.30 13:33:48 INFO  time: initialize in 0.27s
2023.04.30 13:33:48 WARN  Build server is not auto-connectable.
2023.04.30 13:33:48 WARN  no build tool detected in workspace '/Users/sofia.ferreira/Source/FunctionalProgrammingScala'. The most common cause for this problem is that the editor was opened in the wrong working directory, for example if you use sbt then the workspace directory should contain build.sbt. 
2023.04.30 13:33:49 WARN  no build target for: /Users/sofia.ferreira/Source/FunctionalProgrammingScala/functionalprogrammingscala/src/main/scala/week3/TweetSetSuite.scala
2023.04.30 13:33:50 INFO  no build target found for /Users/sofia.ferreira/Source/FunctionalProgrammingScala/functionalprogrammingscala/src/main/scala/week3/TweetSetSuite.scala. Using presentation compiler with project's scala-library version: 3.2.2
2023.04.30 13:33:50 INFO  time: code lens generation in 2.08s
2023.04.30 13:38:20 INFO  Shutting down server
2023.04.30 13:38:20 INFO  shutting down Metals
2023.04.30 13:38:20 INFO  Exiting server
2023.05.08 14:34:28 INFO  Started: Metals version 0.11.12 in workspace '/Users/sofia.ferreira/Source/FunctionalProgrammingScala' for client Visual Studio Code 1.74.0.
May 08, 2023 2:34:28 PM org.flywaydb.core.internal.license.VersionPrinter printVersionOnly
INFO: Flyway Community Edition 9.16.3 by Redgate
May 08, 2023 2:34:28 PM org.flywaydb.core.internal.license.VersionPrinter printVersion
INFO: See release notes here: https://rd.gt/416ObMi
May 08, 2023 2:34:28 PM org.flywaydb.core.internal.license.VersionPrinter printVersion
INFO: 
May 08, 2023 2:34:28 PM org.flywaydb.core.internal.database.base.BaseDatabaseType createDatabase
INFO: Database: jdbc:h2:file:/Users/sofia.ferreira/Source/FunctionalProgrammingScala/.metals/metals (H2 2.1)
May 08, 2023 2:34:28 PM org.flywaydb.core.internal.command.DbValidate validate
INFO: Successfully validated 4 migrations (execution time 00:00.010s)
May 08, 2023 2:34:28 PM org.flywaydb.core.internal.command.DbMigrate migrateGroup
INFO: Current version of schema "PUBLIC": 4
May 08, 2023 2:34:28 PM org.flywaydb.core.internal.command.DbMigrate logSummary
INFO: Schema "PUBLIC" is up to date. No migration necessary.
2023.05.08 14:34:28 INFO  time: initialize in 0.35s
2023.05.08 14:34:29 WARN  Build server is not auto-connectable.
2023.05.08 14:34:29 WARN  no build tool detected in workspace '/Users/sofia.ferreira/Source/FunctionalProgrammingScala'. The most common cause for this problem is that the editor was opened in the wrong working directory, for example if you use sbt then the workspace directory should contain build.sbt. 
2023.05.08 14:34:29 WARN  no build target for: /Users/sofia.ferreira/Source/FunctionalProgrammingScala/functionalprogrammingscala/src/main/scala/week3/TweetSetSuite.scala
2023.05.08 14:34:31 INFO  no build target found for /Users/sofia.ferreira/Source/FunctionalProgrammingScala/functionalprogrammingscala/src/main/scala/week3/TweetSetSuite.scala. Using presentation compiler with project's scala-library version: 3.2.2
2023.05.08 14:34:32 INFO  time: code lens generation in 3.28s
2023.05.08 14:34:34 WARN  no build target for: /Users/sofia.ferreira/Source/FunctionalProgrammingScala/functionalprogrammingscala/project/test/scala/week1/RecFunSuite.scala
2023.05.08 14:34:45 WARN  no build target for: /Users/sofia.ferreira/Source/FunctionalProgrammingScala/functionalprogrammingscala/src/main/scala/week1/RecFun.scala
2023.05.08 14:34:48 WARN  no build target for: /Users/sofia.ferreira/Source/FunctionalProgrammingScala/functionalprogrammingscala/src/main/scala/week2/FunSets.scala
2023.05.08 14:48:00 INFO  Detected new build tool in /Users/sofia.ferreira/Source/FunctionalProgrammingScala/.bsp/sbt.json
2023.05.08 14:48:00 INFO  Attempting to connect to the build server...
2023.05.08 14:48:00 INFO  Running BSP server List(/opt/homebrew/Cellar/openjdk/19.0.1/libexec/openjdk.jdk/Contents/Home/bin/java, -Xms100m, -Xmx100m, -classpath, /opt/homebrew/Cellar/sbt/1.8.2/libexec/bin/sbt-launch.jar, -Dsbt.script=/opt/homebrew/Cellar/sbt/1.8.2/libexec/bin/sbt, xsbt.boot.Boot, -bsp)
2023.05.08 14:48:00 INFO  tracing is disabled for protocol BSP, to enable tracing of incoming and outgoing JSON messages create an empty file at /Users/sofia.ferreira/Source/FunctionalProgrammingScala/.metals/bsp.trace.json or /Users/sofia.ferreira/Library/Caches/org.scalameta.metals/bsp.trace.json
2023.05.08 14:48:00 WARN  no build target for: /Users/sofia.ferreira/Source/FunctionalProgrammingScala/project/project/metals.sbt
2023.05.08 14:48:00 WARN  no build target for: /Users/sofia.ferreira/Source/FunctionalProgrammingScala/project/metals.sbt
2023.05.08 14:48:00 INFO  Processing workspace/reload
2023.05.08 14:48:00 INFO  compiling global-plugins
2023.05.08 14:48:02 INFO  Updating 
2023.05.08 14:48:02 INFO  Resolved  dependencies
2023.05.08 14:48:02 INFO  Fetching artifacts of 
2023.05.08 14:48:02 INFO  Fetched artifacts of 
2023.05.08 14:48:02 INFO  compiling functionalprogrammingscala-build-build
2023.05.08 14:48:02 INFO  Updating 
2023.05.08 14:48:03 INFO  Resolved  dependencies
2023.05.08 14:48:03 INFO  Fetching artifacts of 
2023.05.08 14:48:03 INFO  Fetched artifacts of 
2023.05.08 14:48:03 INFO  compiling functionalprogrammingscala-build
2023.05.08 14:48:04 INFO  time: Connected to build server in 4.07s
2023.05.08 14:48:04 INFO  Connected to Build server: sbt v1.8.2
2023.05.08 14:48:03 INFO  Processing workspace/buildTargets
2023.05.08 14:48:03 INFO  Processing buildTarget/scalacOptions
2023.05.08 14:48:04 INFO  Processing buildTarget/sources
2023.05.08 14:48:04 INFO  Processing buildTarget/dependencySources
2023.05.08 14:48:04 INFO  Fetching artifacts of 
2023.05.08 14:48:06 INFO  Fetched artifacts of 
2023.05.08 14:48:06 INFO  time: Imported build in 2.07s
2023.05.08 14:48:08 INFO  time: indexed workspace in 2.01s
2023.05.08 14:48:08 WARN  sbt does not support `buildTarget/inverseSources`, unable to fetch targets owning source.
2023.05.08 14:48:08 WARN  sbt does not support `buildTarget/inverseSources`, unable to fetch targets owning source.
2023.05.08 14:48:08 WARN  sbt does not support `buildTarget/inverseSources`, unable to fetch targets owning source.
2023.05.08 14:48:08 INFO  Processing buildTarget/scalaMainClasses
2023.05.08 14:48:08 WARN  no build target for: /Users/sofia.ferreira/Source/FunctionalProgrammingScala/functionalprogrammingscala/src/main/scala/week1/RecFun.scala
2023.05.08 14:48:08 WARN  no build target for: /Users/sofia.ferreira/Source/FunctionalProgrammingScala/functionalprogrammingscala/src/main/scala/week2/FunSets.scala
2023.05.08 14:48:08 WARN  no build target for: /Users/sofia.ferreira/Source/FunctionalProgrammingScala/functionalprogrammingscala/src/main/scala/week3/TweetSetSuite.scala
2023.05.08 14:48:08 INFO  compiling functionalprogrammingscala
2023.05.08 14:48:08 INFO  time: compiled functionalprogrammingscala in 0.89s
2023.05.08 14:48:08 INFO  compiling functionalprogrammingscala-test
2023.05.08 14:48:08 INFO  time: compiled functionalprogrammingscala-test in 283Î¼s
2023.05.08 14:48:08 INFO  Processing buildTarget/scalaTestClasses
2023.05.08 14:48:08 INFO  compiling functionalprogrammingscala
2023.05.08 14:48:08 INFO  time: compiled functionalprogrammingscala in 190Î¼s
2023.05.08 14:48:08 INFO  compiling functionalprogrammingscala-test
2023.05.08 14:48:08 INFO  time: compiled functionalprogrammingscala-test in 298Î¼s
2023.05.08 14:48:08 INFO  Processing buildTarget/jvmRunEnvironment
2023.05.08 14:48:08 INFO  compiling functionalprogrammingscala
2023.05.08 14:48:08 INFO  time: compiled functionalprogrammingscala in 195Î¼s
2023.05.08 14:48:08 INFO  compiling functionalprogrammingscala-test
2023.05.08 14:48:08 INFO  time: compiled functionalprogrammingscala-test in 210Î¼s
May 08, 2023 2:48:10 PM scala.meta.internal.pc.CompilerAccess handleError
SEVERE: file%3A%2F%2F%2FUsers%2Fsofia.ferreira%2FSource%2FFunctionalProgrammingScala%2Ffunctionalprogrammingscala%2Fsrc%2Fmain%2Fscala%2Fweek2%2FFunSets.scala:6: error: ; expected but : found
trait FunSets extends FunSetsInterface:
                                      ^
file%3A%2F%2F%2FUsers%2Fsofia.ferreira%2FSource%2FFunctionalProgrammingScala%2Ffunctionalprogrammingscala%2Fsrc%2Fmain%2Fscala%2Fweek2%2FFunSets.scala:6: error: ; expected but : found
trait FunSets extends FunSetsInterface:
                                      ^
	at scala.meta.internal.parsers.Reporter.syntaxError(Reporter.scala:16)
	at scala.meta.internal.parsers.Reporter.syntaxError$(Reporter.scala:16)
	at scala.meta.internal.parsers.Reporter$$anon$1.syntaxError(Reporter.scala:22)
	at scala.meta.internal.parsers.Reporter.syntaxError(Reporter.scala:17)
	at scala.meta.internal.parsers.Reporter.syntaxError$(Reporter.scala:17)
	at scala.meta.internal.parsers.Reporter$$anon$1.syntaxError(Reporter.scala:22)
	at scala.meta.internal.parsers.ScalametaParser.syntaxErrorExpected(ScalametaParser.scala:387)
	at scala.meta.internal.parsers.ScalametaParser.accept(ScalametaParser.scala:391)
	at scala.meta.internal.parsers.ScalametaParser.acceptStatSep(ScalametaParser.scala:407)
	at scala.meta.internal.parsers.ScalametaParser.acceptStatSepOpt(ScalametaParser.scala:411)
	at scala.meta.internal.parsers.ScalametaParser.statSeqBuf(ScalametaParser.scala:4299)
	at scala.meta.internal.parsers.ScalametaParser.bracelessPackageStats$1(ScalametaParser.scala:4509)
	at scala.meta.internal.parsers.ScalametaParser.$anonfun$batchSource$11(ScalametaParser.scala:4520)
	at scala.meta.internal.parsers.ScalametaParser.autoEndPos(ScalametaParser.scala:369)
	at scala.meta.internal.parsers.ScalametaParser.$anonfun$batchSource$10(ScalametaParser.scala:4520)
	at scala.meta.internal.parsers.ScalametaParser.tryParse(ScalametaParser.scala:218)
	at scala.meta.internal.parsers.ScalametaParser.$anonfun$batchSource$1(ScalametaParser.scala:4512)
	at scala.meta.internal.parsers.ScalametaParser.atPos(ScalametaParser.scala:320)
	at scala.meta.internal.parsers.ScalametaParser.autoPos(ScalametaParser.scala:366)
	at scala.meta.internal.parsers.ScalametaParser.batchSource(ScalametaParser.scala:4479)
	at scala.meta.internal.parsers.ScalametaParser.$anonfun$source$1(ScalametaParser.scala:4472)
	at scala.meta.internal.parsers.ScalametaParser.atPos(ScalametaParser.scala:320)
	at scala.meta.internal.parsers.ScalametaParser.autoPos(ScalametaParser.scala:366)
	at scala.meta.internal.parsers.ScalametaParser.source(ScalametaParser.scala:4472)
	at scala.meta.internal.parsers.ScalametaParser.entrypointSource(ScalametaParser.scala:4477)
	at scala.meta.internal.parsers.ScalametaParser.parseSourceImpl(ScalametaParser.scala:127)
	at scala.meta.internal.parsers.ScalametaParser.$anonfun$parseSource$1(ScalametaParser.scala:124)
	at scala.meta.internal.parsers.ScalametaParser.parseRuleAfterBOF(ScalametaParser.scala:51)
	at scala.meta.internal.parsers.ScalametaParser.parseRule(ScalametaParser.scala:46)
	at scala.meta.internal.parsers.ScalametaParser.parseSource(ScalametaParser.scala:124)
	at scala.meta.parsers.Parse$.$anonfun$parseSource$1(Parse.scala:29)
	at scala.meta.parsers.Parse$$anon$1.apply(Parse.scala:36)
	at scala.meta.parsers.Api$XtensionParseDialectInput.parse(Api.scala:25)
	at scala.meta.internal.semanticdb.scalac.ParseOps$XtensionCompilationUnitSource.toSource(ParseOps.scala:17)
	at scala.meta.internal.semanticdb.scalac.TextDocumentOps$XtensionCompilationUnitDocument.toTextDocument(TextDocumentOps.scala:206)
	at scala.meta.internal.pc.SemanticdbTextDocumentProvider.textDocument(SemanticdbTextDocumentProvider.scala:54)

2023.05.08 14:48:34 WARN  sbt does not support `buildTarget/inverseSources`, unable to fetch targets owning source.
2023.05.08 14:48:34 WARN  no build target for: /Users/sofia.ferreira/Source/FunctionalProgrammingScala/functionalprogrammingscala/src/main/scala/Main.scala
2023.05.08 14:52:00 WARN  sbt does not support `buildTarget/inverseSources`, unable to fetch targets owning source.
2023.05.08 14:52:00 WARN  no build target for: /Users/sofia.ferreira/Source/FunctionalProgrammingScala/functionalprogrammingscala/src/main/scala/week3/week4/test.worksheet.sc
2023.05.08 14:52:03 INFO  no build target found for /Users/sofia.ferreira/Source/FunctionalProgrammingScala/functionalprogrammingscala/src/main/scala/week3/week4/test.worksheet.sc. Using presentation compiler with project's scala-library version: 2.12.17
2023.05.08 14:52:03 INFO  time: evaluated worksheet 'test.worksheet.sc' in 2.68s
May 08, 2023 2:52:12 PM scala.meta.internal.pc.CompilerAccess handleError
SEVERE: file%3A%2F%2F%2FUsers%2Fsofia.ferreira%2FSource%2FFunctionalProgrammingScala%2Ffunctionalprogrammingscala%2Fsrc%2Fmain%2Fscala%2Fweek1%2FRecFun.scala:3: error: ; expected but : found
object RecFun extends RecFunInterface:
                                     ^
file%3A%2F%2F%2FUsers%2Fsofia.ferreira%2FSource%2FFunctionalProgrammingScala%2Ffunctionalprogrammingscala%2Fsrc%2Fmain%2Fscala%2Fweek1%2FRecFun.scala:3: error: ; expected but : found
object RecFun extends RecFunInterface:
                                     ^
	at scala.meta.internal.parsers.Reporter.syntaxError(Reporter.scala:16)
	at scala.meta.internal.parsers.Reporter.syntaxError$(Reporter.scala:16)
	at scala.meta.internal.parsers.Reporter$$anon$1.syntaxError(Reporter.scala:22)
	at scala.meta.internal.parsers.Reporter.syntaxError(Reporter.scala:17)
	at scala.meta.internal.parsers.Reporter.syntaxError$(Reporter.scala:17)
	at scala.meta.internal.parsers.Reporter$$anon$1.syntaxError(Reporter.scala:22)
	at scala.meta.internal.parsers.ScalametaParser.syntaxErrorExpected(ScalametaParser.scala:387)
	at scala.meta.internal.parsers.ScalametaParser.accept(ScalametaParser.scala:391)
	at scala.meta.internal.parsers.ScalametaParser.acceptStatSep(ScalametaParser.scala:407)
	at scala.meta.internal.parsers.ScalametaParser.acceptStatSepOpt(ScalametaParser.scala:411)
	at scala.meta.internal.parsers.ScalametaParser.statSeqBuf(ScalametaParser.scala:4299)
	at scala.meta.internal.parsers.ScalametaParser.bracelessPackageStats$1(ScalametaParser.scala:4509)
	at scala.meta.internal.parsers.ScalametaParser.$anonfun$batchSource$11(ScalametaParser.scala:4520)
	at scala.meta.internal.parsers.ScalametaParser.autoEndPos(ScalametaParser.scala:369)
	at scala.meta.internal.parsers.ScalametaParser.$anonfun$batchSource$10(ScalametaParser.scala:4520)
	at scala.meta.internal.parsers.ScalametaParser.tryParse(ScalametaParser.scala:218)
	at scala.meta.internal.parsers.ScalametaParser.$anonfun$batchSource$1(ScalametaParser.scala:4512)
	at scala.meta.internal.parsers.ScalametaParser.atPos(ScalametaParser.scala:320)
	at scala.meta.internal.parsers.ScalametaParser.autoPos(ScalametaParser.scala:366)
	at scala.meta.internal.parsers.ScalametaParser.batchSource(ScalametaParser.scala:4479)
	at scala.meta.internal.parsers.ScalametaParser.$anonfun$source$1(ScalametaParser.scala:4472)
	at scala.meta.internal.parsers.ScalametaParser.atPos(ScalametaParser.scala:320)
	at scala.meta.internal.parsers.ScalametaParser.autoPos(ScalametaParser.scala:366)
	at scala.meta.internal.parsers.ScalametaParser.source(ScalametaParser.scala:4472)
	at scala.meta.internal.parsers.ScalametaParser.entrypointSource(ScalametaParser.scala:4477)
	at scala.meta.internal.parsers.ScalametaParser.parseSourceImpl(ScalametaParser.scala:127)
	at scala.meta.internal.parsers.ScalametaParser.$anonfun$parseSource$1(ScalametaParser.scala:124)
	at scala.meta.internal.parsers.ScalametaParser.parseRuleAfterBOF(ScalametaParser.scala:51)
	at scala.meta.internal.parsers.ScalametaParser.parseRule(ScalametaParser.scala:46)
	at scala.meta.internal.parsers.ScalametaParser.parseSource(ScalametaParser.scala:124)
	at scala.meta.parsers.Parse$.$anonfun$parseSource$1(Parse.scala:29)
	at scala.meta.parsers.Parse$$anon$1.apply(Parse.scala:36)
	at scala.meta.parsers.Api$XtensionParseDialectInput.parse(Api.scala:25)
	at scala.meta.internal.semanticdb.scalac.ParseOps$XtensionCompilationUnitSource.toSource(ParseOps.scala:17)
	at scala.meta.internal.semanticdb.scalac.TextDocumentOps$XtensionCompilationUnitDocument.toTextDocument(TextDocumentOps.scala:206)
	at scala.meta.internal.pc.SemanticdbTextDocumentProvider.textDocument(SemanticdbTextDocumentProvider.scala:54)

2023.05.08 14:52:20 WARN  sbt does not support `buildTarget/inverseSources`, unable to fetch targets owning source.
2023.05.08 14:52:20 WARN  no build target for: /Users/sofia.ferreira/Source/FunctionalProgrammingScala/functionalprogrammingscala/src/main/scala/week3/week4/t.worksheet.sc
2023.05.08 14:52:21 INFO  no build target found for /Users/sofia.ferreira/Source/FunctionalProgrammingScala/functionalprogrammingscala/src/main/scala/week3/week4/t.worksheet.sc. Using presentation compiler with project's scala-library version: 2.12.17
2023.05.08 14:52:21 INFO  time: evaluated worksheet 't.worksheet.sc' in 1.09s
2023.05.08 14:52:58 WARN  sbt does not support `buildTarget/inverseSources`, unable to fetch targets owning source.
2023.05.08 14:52:58 WARN  no build target for: /Users/sofia.ferreira/Source/FunctionalProgrammingScala/functionalprogrammingscala/src/main/scala/week3/week4/t.worksheet.sc
[31merror[39m: functionalprogrammingscala/src/main/scala/week3/week4/t.worksheet.sc:1:14: can't use unescaped LF in character literals
'Hello World'
             ^
May 08, 2023 2:52:58 PM scala.meta.internal.pc.CompilerAccess handleError
SEVERE: file%3A%2F%2F%2FUsers%2Fsofia.ferreira%2FSource%2FFunctionalProgrammingScala%2Ffunctionalprogrammingscala%2Fsrc%2Fmain%2Fscala%2Fweek3%2Fweek4%2Ft.worksheet.sc:1: error: can't use unescaped LF in character literals
'Hello World'
             ^
file%3A%2F%2F%2FUsers%2Fsofia.ferreira%2FSource%2FFunctionalProgrammingScala%2Ffunctionalprogrammingscala%2Fsrc%2Fmain%2Fscala%2Fweek3%2Fweek4%2Ft.worksheet.sc:1: error: can't use unescaped LF in character literals
'Hello World'
             ^
	at scala.meta.internal.tokenizers.Reporter.syntaxError(Reporter.scala:23)
	at scala.meta.internal.tokenizers.Reporter.syntaxError$(Reporter.scala:23)
	at scala.meta.internal.tokenizers.Reporter$$anon$1.syntaxError(Reporter.scala:33)
	at scala.meta.internal.tokenizers.Reporter.syntaxError(Reporter.scala:25)
	at scala.meta.internal.tokenizers.Reporter.syntaxError$(Reporter.scala:25)
	at scala.meta.internal.tokenizers.Reporter$$anon$1.syntaxError(Reporter.scala:33)
	at scala.meta.internal.tokenizers.LegacyScanner.fetchSingleQuote$1(LegacyScanner.scala:418)
	at scala.meta.internal.tokenizers.LegacyScanner.fetchToken(LegacyScanner.scala:445)
	at scala.meta.internal.tokenizers.LegacyScanner.nextToken(LegacyScanner.scala:246)
	at scala.meta.internal.tokenizers.LegacyScanner.foreach(LegacyScanner.scala:1047)
	at scala.meta.internal.tokenizers.ScalametaTokenizer.uncachedTokenize(ScalametaTokenizer.scala:24)
	at scala.meta.internal.tokenizers.ScalametaTokenizer.$anonfun$tokenize$1(ScalametaTokenizer.scala:17)
	at scala.collection.concurrent.TrieMap.getOrElseUpdate(TrieMap.scala:895)
	at scala.meta.internal.tokenizers.ScalametaTokenizer.tokenize(ScalametaTokenizer.scala:17)
	at scala.meta.internal.tokenizers.ScalametaTokenizer$$anon$2.apply(ScalametaTokenizer.scala:332)
	at scala.meta.tokenizers.Api$XtensionTokenizeDialectInput.tokenize(Api.scala:25)
	at scala.meta.tokenizers.Api$XtensionTokenizeInputLike.tokenize(Api.scala:14)
	at scala.meta.internal.parsers.ScannerTokens$.apply(ScannerTokens.scala:655)
	at scala.meta.internal.parsers.ScalametaParser.<init>(ScalametaParser.scala:33)
	at scala.meta.parsers.Parse$$anon$1.apply(Parse.scala:35)
	at scala.meta.parsers.Api$XtensionParseDialectInput.parse(Api.scala:25)
	at scala.meta.internal.semanticdb.scalac.ParseOps$XtensionCompilationUnitSource.toSource(ParseOps.scala:17)
	at scala.meta.internal.semanticdb.scalac.TextDocumentOps$XtensionCompilationUnitDocument.toTextDocument(TextDocumentOps.scala:206)
	at scala.meta.internal.pc.SemanticdbTextDocumentProvider.textDocument(SemanticdbTextDocumentProvider.scala:54)

2023.05.08 14:52:58 INFO  time: evaluated worksheet 't.worksheet.sc' in 0.15s
May 08, 2023 3:29:36 PM scala.meta.internal.pc.CompilerAccess handleError
SEVERE: file%3A%2F%2F%2FUsers%2Fsofia.ferreira%2FSource%2FFunctionalProgrammingScala%2Ffunctionalprogrammingscala%2Fsrc%2Fmain%2Fscala%2Fweek3%2Fweek4%2Ft.worksheet.sc:1: error: can't use unescaped LF in character literals
'Hello World'
             ^
file%3A%2F%2F%2FUsers%2Fsofia.ferreira%2FSource%2FFunctionalProgrammingScala%2Ffunctionalprogrammingscala%2Fsrc%2Fmain%2Fscala%2Fweek3%2Fweek4%2Ft.worksheet.sc:1: error: can't use unescaped LF in character literals
'Hello World'
             ^
	at scala.meta.internal.tokenizers.Reporter.syntaxError(Reporter.scala:23)
	at scala.meta.internal.tokenizers.Reporter.syntaxError$(Reporter.scala:23)
	at scala.meta.internal.tokenizers.Reporter$$anon$1.syntaxError(Reporter.scala:33)
	at scala.meta.internal.tokenizers.Reporter.syntaxError(Reporter.scala:25)
	at scala.meta.internal.tokenizers.Reporter.syntaxError$(Reporter.scala:25)
	at scala.meta.internal.tokenizers.Reporter$$anon$1.syntaxError(Reporter.scala:33)
	at scala.meta.internal.tokenizers.LegacyScanner.fetchSingleQuote$1(LegacyScanner.scala:418)
	at scala.meta.internal.tokenizers.LegacyScanner.fetchToken(LegacyScanner.scala:445)
	at scala.meta.internal.tokenizers.LegacyScanner.nextToken(LegacyScanner.scala:246)
	at scala.meta.internal.tokenizers.LegacyScanner.foreach(LegacyScanner.scala:1047)
	at scala.meta.internal.tokenizers.ScalametaTokenizer.uncachedTokenize(ScalametaTokenizer.scala:24)
	at scala.meta.internal.tokenizers.ScalametaTokenizer.$anonfun$tokenize$1(ScalametaTokenizer.scala:17)
	at scala.collection.concurrent.TrieMap.getOrElseUpdate(TrieMap.scala:895)
	at scala.meta.internal.tokenizers.ScalametaTokenizer.tokenize(ScalametaTokenizer.scala:17)
	at scala.meta.internal.tokenizers.ScalametaTokenizer$$anon$2.apply(ScalametaTokenizer.scala:332)
	at scala.meta.tokenizers.Api$XtensionTokenizeDialectInput.tokenize(Api.scala:25)
	at scala.meta.tokenizers.Api$XtensionTokenizeInputLike.tokenize(Api.scala:14)
	at scala.meta.internal.parsers.ScannerTokens$.apply(ScannerTokens.scala:655)
	at scala.meta.internal.parsers.ScalametaParser.<init>(ScalametaParser.scala:33)
	at scala.meta.parsers.Parse$$anon$1.apply(Parse.scala:35)
	at scala.meta.parsers.Api$XtensionParseDialectInput.parse(Api.scala:25)
	at scala.meta.internal.semanticdb.scalac.ParseOps$XtensionCompilationUnitSource.toSource(ParseOps.scala:17)
	at scala.meta.internal.semanticdb.scalac.TextDocumentOps$XtensionCompilationUnitDocument.toTextDocument(TextDocumentOps.scala:206)
	at scala.meta.internal.pc.SemanticdbTextDocumentProvider.textDocument(SemanticdbTextDocumentProvider.scala:54)

May 08, 2023 3:33:19 PM scala.meta.internal.pc.CompilerAccess handleError
SEVERE: file%3A%2F%2F%2FUsers%2Fsofia.ferreira%2FSource%2FFunctionalProgrammingScala%2Ffunctionalprogrammingscala%2Fsrc%2Fmain%2Fscala%2Fweek3%2Fweek4%2Ft.worksheet.sc:1: error: can't use unescaped LF in character literals
'Hello World'
             ^
file%3A%2F%2F%2FUsers%2Fsofia.ferreira%2FSource%2FFunctionalProgrammingScala%2Ffunctionalprogrammingscala%2Fsrc%2Fmain%2Fscala%2Fweek3%2Fweek4%2Ft.worksheet.sc:1: error: can't use unescaped LF in character literals
'Hello World'
             ^
	at scala.meta.internal.tokenizers.Reporter.syntaxError(Reporter.scala:23)
	at scala.meta.internal.tokenizers.Reporter.syntaxError$(Reporter.scala:23)
	at scala.meta.internal.tokenizers.Reporter$$anon$1.syntaxError(Reporter.scala:33)
	at scala.meta.internal.tokenizers.Reporter.syntaxError(Reporter.scala:25)
	at scala.meta.internal.tokenizers.Reporter.syntaxError$(Reporter.scala:25)
	at scala.meta.internal.tokenizers.Reporter$$anon$1.syntaxError(Reporter.scala:33)
	at scala.meta.internal.tokenizers.LegacyScanner.fetchSingleQuote$1(LegacyScanner.scala:418)
	at scala.meta.internal.tokenizers.LegacyScanner.fetchToken(LegacyScanner.scala:445)
	at scala.meta.internal.tokenizers.LegacyScanner.nextToken(LegacyScanner.scala:246)
	at scala.meta.internal.tokenizers.LegacyScanner.foreach(LegacyScanner.scala:1047)
	at scala.meta.internal.tokenizers.ScalametaTokenizer.uncachedTokenize(ScalametaTokenizer.scala:24)
	at scala.meta.internal.tokenizers.ScalametaTokenizer.$anonfun$tokenize$1(ScalametaTokenizer.scala:17)
	at scala.collection.concurrent.TrieMap.getOrElseUpdate(TrieMap.scala:895)
	at scala.meta.internal.tokenizers.ScalametaTokenizer.tokenize(ScalametaTokenizer.scala:17)
	at scala.meta.internal.tokenizers.ScalametaTokenizer$$anon$2.apply(ScalametaTokenizer.scala:332)
	at scala.meta.tokenizers.Api$XtensionTokenizeDialectInput.tokenize(Api.scala:25)
	at scala.meta.tokenizers.Api$XtensionTokenizeInputLike.tokenize(Api.scala:14)
	at scala.meta.internal.parsers.ScannerTokens$.apply(ScannerTokens.scala:655)
	at scala.meta.internal.parsers.ScalametaParser.<init>(ScalametaParser.scala:33)
	at scala.meta.parsers.Parse$$anon$1.apply(Parse.scala:35)
	at scala.meta.parsers.Api$XtensionParseDialectInput.parse(Api.scala:25)
	at scala.meta.internal.semanticdb.scalac.ParseOps$XtensionCompilationUnitSource.toSource(ParseOps.scala:17)
	at scala.meta.internal.semanticdb.scalac.TextDocumentOps$XtensionCompilationUnitDocument.toTextDocument(TextDocumentOps.scala:206)
	at scala.meta.internal.pc.SemanticdbTextDocumentProvider.textDocument(SemanticdbTextDocumentProvider.scala:54)

May 08, 2023 3:33:27 PM scala.meta.internal.pc.CompilerAccess handleError
SEVERE: file%3A%2F%2F%2FUsers%2Fsofia.ferreira%2FSource%2FFunctionalProgrammingScala%2Ffunctionalprogrammingscala%2Fsrc%2Fmain%2Fscala%2Fweek3%2Fweek4%2Ft.worksheet.sc:1: error: can't use unescaped LF in character literals
'Hello World'
             ^
file%3A%2F%2F%2FUsers%2Fsofia.ferreira%2FSource%2FFunctionalProgrammingScala%2Ffunctionalprogrammingscala%2Fsrc%2Fmain%2Fscala%2Fweek3%2Fweek4%2Ft.worksheet.sc:1: error: can't use unescaped LF in character literals
'Hello World'
             ^
	at scala.meta.internal.tokenizers.Reporter.syntaxError(Reporter.scala:23)
	at scala.meta.internal.tokenizers.Reporter.syntaxError$(Reporter.scala:23)
	at scala.meta.internal.tokenizers.Reporter$$anon$1.syntaxError(Reporter.scala:33)
	at scala.meta.internal.tokenizers.Reporter.syntaxError(Reporter.scala:25)
	at scala.meta.internal.tokenizers.Reporter.syntaxError$(Reporter.scala:25)
	at scala.meta.internal.tokenizers.Reporter$$anon$1.syntaxError(Reporter.scala:33)
	at scala.meta.internal.tokenizers.LegacyScanner.fetchSingleQuote$1(LegacyScanner.scala:418)
	at scala.meta.internal.tokenizers.LegacyScanner.fetchToken(LegacyScanner.scala:445)
	at scala.meta.internal.tokenizers.LegacyScanner.nextToken(LegacyScanner.scala:246)
	at scala.meta.internal.tokenizers.LegacyScanner.foreach(LegacyScanner.scala:1047)
	at scala.meta.internal.tokenizers.ScalametaTokenizer.uncachedTokenize(ScalametaTokenizer.scala:24)
	at scala.meta.internal.tokenizers.ScalametaTokenizer.$anonfun$tokenize$1(ScalametaTokenizer.scala:17)
	at scala.collection.concurrent.TrieMap.getOrElseUpdate(TrieMap.scala:895)
	at scala.meta.internal.tokenizers.ScalametaTokenizer.tokenize(ScalametaTokenizer.scala:17)
	at scala.meta.internal.tokenizers.ScalametaTokenizer$$anon$2.apply(ScalametaTokenizer.scala:332)
	at scala.meta.tokenizers.Api$XtensionTokenizeDialectInput.tokenize(Api.scala:25)
	at scala.meta.tokenizers.Api$XtensionTokenizeInputLike.tokenize(Api.scala:14)
	at scala.meta.internal.parsers.ScannerTokens$.apply(ScannerTokens.scala:655)
	at scala.meta.internal.parsers.ScalametaParser.<init>(ScalametaParser.scala:33)
	at scala.meta.parsers.Parse$$anon$1.apply(Parse.scala:35)
	at scala.meta.parsers.Api$XtensionParseDialectInput.parse(Api.scala:25)
	at scala.meta.internal.semanticdb.scalac.ParseOps$XtensionCompilationUnitSource.toSource(ParseOps.scala:17)
	at scala.meta.internal.semanticdb.scalac.TextDocumentOps$XtensionCompilationUnitDocument.toTextDocument(TextDocumentOps.scala:206)
	at scala.meta.internal.pc.SemanticdbTextDocumentProvider.textDocument(SemanticdbTextDocumentProvider.scala:54)

2023.05.08 15:33:27 INFO  Shutting down server
2023.05.08 15:33:27 INFO  shutting down Metals
2023.05.08 15:33:27 INFO  Shut down connection with build server.
2023.05.08 15:33:27 INFO  Exiting server
2023.05.08 21:18:10 INFO  Started: Metals version 0.11.12 in workspace '/Users/sofia.ferreira/Source/FunctionalProgrammingScala' for client Visual Studio Code 1.74.0.
May 08, 2023 9:18:10 PM org.flywaydb.core.internal.license.VersionPrinter printVersionOnly
INFO: Flyway Community Edition 9.16.3 by Redgate
May 08, 2023 9:18:10 PM org.flywaydb.core.internal.license.VersionPrinter printVersion
INFO: See release notes here: https://rd.gt/416ObMi
May 08, 2023 9:18:10 PM org.flywaydb.core.internal.license.VersionPrinter printVersion
INFO: 
May 08, 2023 9:18:10 PM org.flywaydb.core.internal.database.base.BaseDatabaseType createDatabase
INFO: Database: jdbc:h2:file:/Users/sofia.ferreira/Source/FunctionalProgrammingScala/.metals/metals (H2 2.1)
May 08, 2023 9:18:10 PM org.flywaydb.core.internal.command.DbValidate validate
INFO: Successfully validated 4 migrations (execution time 00:00.009s)
May 08, 2023 9:18:10 PM org.flywaydb.core.internal.command.DbMigrate migrateGroup
INFO: Current version of schema "PUBLIC": 4
May 08, 2023 9:18:10 PM org.flywaydb.core.internal.command.DbMigrate logSummary
INFO: Schema "PUBLIC" is up to date. No migration necessary.
2023.05.08 21:18:10 INFO  time: initialize in 0.28s
2023.05.08 21:18:10 INFO  Attempting to connect to the build server...
2023.05.08 21:18:10 INFO  Running BSP server List(/opt/homebrew/Cellar/openjdk/19.0.1/libexec/openjdk.jdk/Contents/Home/bin/java, -Xms100m, -Xmx100m, -classpath, /opt/homebrew/Cellar/sbt/1.8.2/libexec/bin/sbt-launch.jar, -Dsbt.script=/opt/homebrew/Cellar/sbt/1.8.2/libexec/bin/sbt, xsbt.boot.Boot, -bsp)
2023.05.08 21:18:11 INFO  tracing is disabled for protocol BSP, to enable tracing of incoming and outgoing JSON messages create an empty file at /Users/sofia.ferreira/Source/FunctionalProgrammingScala/.metals/bsp.trace.json or /Users/sofia.ferreira/Library/Caches/org.scalameta.metals/bsp.trace.json
2023.05.08 21:18:11 INFO  BSP server: [info] server was not detected. starting an instance
2023.05.08 21:18:11 INFO  BSP server: copying runtime jar...
2023.05.08 21:18:12 INFO  no build target found for /Users/sofia.ferreira/Source/FunctionalProgrammingScala/functionalprogrammingscala/src/main/scala/week3/week4/t.worksheet.sc. Using presentation compiler with project's scala-library version: 3.2.2
2023.05.08 21:18:12 INFO  time: code lens generation in 2.09s
2023.05.08 21:18:16 INFO  BSP server: [info] Updated file /Users/sofia.ferreira/Source/FunctionalProgrammingScala/project/build.properties: set sbt.version to 1.8.2
2023.05.08 21:18:16 INFO  BSP server: [info] welcome to sbt 1.8.2 (Oracle Corporation Java 18.0.2)
2023.05.08 21:18:16 INFO  BSP server: [info] loading global plugins from /Users/sofia.ferreira/.sbt/1.0/plugins
2023.05.08 21:18:18 INFO  BSP server: [info] loading settings for project functionalprogrammingscala-build-build from metals.sbt ...
2023.05.08 21:18:18 INFO  BSP server: [info] loading project definition from /Users/sofia.ferreira/Source/FunctionalProgrammingScala/project/project
2023.05.08 21:18:18 INFO  BSP server: [info] loading settings for project functionalprogrammingscala-build from metals.sbt ...
2023.05.08 21:18:18 INFO  BSP server: [info] loading project definition from /Users/sofia.ferreira/Source/FunctionalProgrammingScala/project
2023.05.08 21:18:18 INFO  BSP server: [info] set current project to functionalprogrammingscala (in build file:/Users/sofia.ferreira/Source/FunctionalProgrammingScala/)
2023.05.08 21:18:18 INFO  BSP server: [info] sbt server started at local:///Users/sofia.ferreira/.sbt/1.0/server/22ea7e80e1c3042d63d1/sock
2023.05.08 21:18:18 INFO  BSP server: [info] started sbt server
2023.05.08 21:18:19 INFO  Detected new build tool in /Users/sofia.ferreira/Source/FunctionalProgrammingScala/.bsp/sbt.json
2023.05.08 21:18:19 WARN  Build server is not auto-connectable.
2023.05.08 21:18:19 WARN  no build target for: /Users/sofia.ferreira/Source/FunctionalProgrammingScala/functionalprogrammingscala/src/main/scala/week3/week4/t.worksheet.sc
2023.05.08 21:18:19 WARN  no build target for: /Users/sofia.ferreira/Source/FunctionalProgrammingScala/functionalprogrammingscala/src/main/scala/week1/RecFun.scala
2023.05.08 21:18:19 INFO  time: Connected to build server in 7.84s
2023.05.08 21:18:19 INFO  Connected to Build server: sbt v1.8.2
2023.05.08 21:18:19 INFO  Processing workspace/buildTargets
2023.05.08 21:18:19 INFO  Processing buildTarget/scalacOptions
2023.05.08 21:18:19 INFO  Processing buildTarget/sources
2023.05.08 21:18:19 INFO  Processing buildTarget/dependencySources
2023.05.08 21:18:19 INFO  time: Imported build in 0.2s
2023.05.08 21:18:20 INFO  time: indexed workspace in 0.95s
2023.05.08 21:18:19 WARN  sbt does not support `buildTarget/inverseSources`, unable to fetch targets owning source.
2023.05.08 21:18:20 WARN  no build target for: /Users/sofia.ferreira/Source/FunctionalProgrammingScala/functionalprogrammingscala/src/main/scala/week1/RecFun.scala
2023.05.08 21:18:20 INFO  Processing buildTarget/scalaMainClasses
2023.05.08 21:18:20 INFO  compiling functionalprogrammingscala
2023.05.08 21:18:20 INFO  time: compiled functionalprogrammingscala in 0.86s
2023.05.08 21:18:20 INFO  compiling functionalprogrammingscala-test
2023.05.08 21:18:20 INFO  time: compiled functionalprogrammingscala-test in 527Î¼s
2023.05.08 21:18:20 INFO  Processing buildTarget/scalaTestClasses
2023.05.08 21:18:20 INFO  compiling functionalprogrammingscala
2023.05.08 21:18:20 INFO  time: compiled functionalprogrammingscala in 1ms
2023.05.08 21:18:20 INFO  compiling functionalprogrammingscala-test
2023.05.08 21:18:20 INFO  time: compiled functionalprogrammingscala-test in 226Î¼s
2023.05.08 21:18:20 INFO  Processing buildTarget/jvmRunEnvironment
2023.05.08 21:18:20 INFO  compiling functionalprogrammingscala
2023.05.08 21:18:20 INFO  time: compiled functionalprogrammingscala in 227Î¼s
2023.05.08 21:18:20 INFO  compiling functionalprogrammingscala-test
2023.05.08 21:18:20 INFO  time: compiled functionalprogrammingscala-test in 509Î¼s
May 08, 2023 9:18:22 PM scala.meta.internal.pc.CompilerAccess handleError
SEVERE: file%3A%2F%2F%2FUsers%2Fsofia.ferreira%2FSource%2FFunctionalProgrammingScala%2Ffunctionalprogrammingscala%2Fsrc%2Fmain%2Fscala%2Fweek1%2FRecFun.scala:3: error: ; expected but : found
object RecFun extends RecFunInterface:
                                     ^
file%3A%2F%2F%2FUsers%2Fsofia.ferreira%2FSource%2FFunctionalProgrammingScala%2Ffunctionalprogrammingscala%2Fsrc%2Fmain%2Fscala%2Fweek1%2FRecFun.scala:3: error: ; expected but : found
object RecFun extends RecFunInterface:
                                     ^
	at scala.meta.internal.parsers.Reporter.syntaxError(Reporter.scala:16)
	at scala.meta.internal.parsers.Reporter.syntaxError$(Reporter.scala:16)
	at scala.meta.internal.parsers.Reporter$$anon$1.syntaxError(Reporter.scala:22)
	at scala.meta.internal.parsers.Reporter.syntaxError(Reporter.scala:17)
	at scala.meta.internal.parsers.Reporter.syntaxError$(Reporter.scala:17)
	at scala.meta.internal.parsers.Reporter$$anon$1.syntaxError(Reporter.scala:22)
	at scala.meta.internal.parsers.ScalametaParser.syntaxErrorExpected(ScalametaParser.scala:387)
	at scala.meta.internal.parsers.ScalametaParser.accept(ScalametaParser.scala:391)
	at scala.meta.internal.parsers.ScalametaParser.acceptStatSep(ScalametaParser.scala:407)
	at scala.meta.internal.parsers.ScalametaParser.acceptStatSepOpt(ScalametaParser.scala:411)
	at scala.meta.internal.parsers.ScalametaParser.statSeqBuf(ScalametaParser.scala:4299)
	at scala.meta.internal.parsers.ScalametaParser.bracelessPackageStats$1(ScalametaParser.scala:4509)
	at scala.meta.internal.parsers.ScalametaParser.$anonfun$batchSource$11(ScalametaParser.scala:4520)
	at scala.meta.internal.parsers.ScalametaParser.autoEndPos(ScalametaParser.scala:369)
	at scala.meta.internal.parsers.ScalametaParser.$anonfun$batchSource$10(ScalametaParser.scala:4520)
	at scala.meta.internal.parsers.ScalametaParser.tryParse(ScalametaParser.scala:218)
	at scala.meta.internal.parsers.ScalametaParser.$anonfun$batchSource$1(ScalametaParser.scala:4512)
	at scala.meta.internal.parsers.ScalametaParser.atPos(ScalametaParser.scala:320)
	at scala.meta.internal.parsers.ScalametaParser.autoPos(ScalametaParser.scala:366)
	at scala.meta.internal.parsers.ScalametaParser.batchSource(ScalametaParser.scala:4479)
	at scala.meta.internal.parsers.ScalametaParser.$anonfun$source$1(ScalametaParser.scala:4472)
	at scala.meta.internal.parsers.ScalametaParser.atPos(ScalametaParser.scala:320)
	at scala.meta.internal.parsers.ScalametaParser.autoPos(ScalametaParser.scala:366)
	at scala.meta.internal.parsers.ScalametaParser.source(ScalametaParser.scala:4472)
	at scala.meta.internal.parsers.ScalametaParser.entrypointSource(ScalametaParser.scala:4477)
	at scala.meta.internal.parsers.ScalametaParser.parseSourceImpl(ScalametaParser.scala:127)
	at scala.meta.internal.parsers.ScalametaParser.$anonfun$parseSource$1(ScalametaParser.scala:124)
	at scala.meta.internal.parsers.ScalametaParser.parseRuleAfterBOF(ScalametaParser.scala:51)
	at scala.meta.internal.parsers.ScalametaParser.parseRule(ScalametaParser.scala:46)
	at scala.meta.internal.parsers.ScalametaParser.parseSource(ScalametaParser.scala:124)
	at scala.meta.parsers.Parse$.$anonfun$parseSource$1(Parse.scala:29)
	at scala.meta.parsers.Parse$$anon$1.apply(Parse.scala:36)
	at scala.meta.parsers.Api$XtensionParseDialectInput.parse(Api.scala:25)
	at scala.meta.internal.semanticdb.scalac.ParseOps$XtensionCompilationUnitSource.toSource(ParseOps.scala:17)
	at scala.meta.internal.semanticdb.scalac.TextDocumentOps$XtensionCompilationUnitDocument.toTextDocument(TextDocumentOps.scala:206)
	at scala.meta.internal.pc.SemanticdbTextDocumentProvider.textDocument(SemanticdbTextDocumentProvider.scala:54)

2023.05.08 21:19:32 WARN  sbt does not support `buildTarget/inverseSources`, unable to fetch targets owning source.
2023.05.08 21:19:32 WARN  no build target for: /Users/sofia.ferreira/Source/FunctionalProgrammingScala/functionalprogrammingscala/project/test/scala/week4/HuffmanSuite.scala
May 08, 2023 9:19:32 PM scala.meta.internal.pc.CompilerAccess handleError
SEVERE: file%3A%2F%2F%2FUsers%2Fsofia.ferreira%2FSource%2FFunctionalProgrammingScala%2Ffunctionalprogrammingscala%2Fproject%2Ftest%2Fscala%2Fweek4%2FHuffmanSuite.scala:3: error: ; expected but : found
class HuffmanSuite extends munit.FunSuite:
                                         ^
file%3A%2F%2F%2FUsers%2Fsofia.ferreira%2FSource%2FFunctionalProgrammingScala%2Ffunctionalprogrammingscala%2Fproject%2Ftest%2Fscala%2Fweek4%2FHuffmanSuite.scala:3: error: ; expected but : found
class HuffmanSuite extends munit.FunSuite:
                                         ^
	at scala.meta.internal.parsers.Reporter.syntaxError(Reporter.scala:16)
	at scala.meta.internal.parsers.Reporter.syntaxError$(Reporter.scala:16)
	at scala.meta.internal.parsers.Reporter$$anon$1.syntaxError(Reporter.scala:22)
	at scala.meta.internal.parsers.Reporter.syntaxError(Reporter.scala:17)
	at scala.meta.internal.parsers.Reporter.syntaxError$(Reporter.scala:17)
	at scala.meta.internal.parsers.Reporter$$anon$1.syntaxError(Reporter.scala:22)
	at scala.meta.internal.parsers.ScalametaParser.syntaxErrorExpected(ScalametaParser.scala:387)
	at scala.meta.internal.parsers.ScalametaParser.accept(ScalametaParser.scala:391)
	at scala.meta.internal.parsers.ScalametaParser.acceptStatSep(ScalametaParser.scala:407)
	at scala.meta.internal.parsers.ScalametaParser.acceptStatSepOpt(ScalametaParser.scala:411)
	at scala.meta.internal.parsers.ScalametaParser.statSeqBuf(ScalametaParser.scala:4299)
	at scala.meta.internal.parsers.ScalametaParser.bracelessPackageStats$1(ScalametaParser.scala:4509)
	at scala.meta.internal.parsers.ScalametaParser.$anonfun$batchSource$11(ScalametaParser.scala:4520)
	at scala.meta.internal.parsers.ScalametaParser.autoEndPos(ScalametaParser.scala:369)
	at scala.meta.internal.parsers.ScalametaParser.$anonfun$batchSource$10(ScalametaParser.scala:4520)
	at scala.meta.internal.parsers.ScalametaParser.tryParse(ScalametaParser.scala:218)
	at scala.meta.internal.parsers.ScalametaParser.$anonfun$batchSource$1(ScalametaParser.scala:4512)
	at scala.meta.internal.parsers.ScalametaParser.atPos(ScalametaParser.scala:320)
	at scala.meta.internal.parsers.ScalametaParser.autoPos(ScalametaParser.scala:366)
	at scala.meta.internal.parsers.ScalametaParser.batchSource(ScalametaParser.scala:4479)
	at scala.meta.internal.parsers.ScalametaParser.$anonfun$source$1(ScalametaParser.scala:4472)
	at scala.meta.internal.parsers.ScalametaParser.atPos(ScalametaParser.scala:320)
	at scala.meta.internal.parsers.ScalametaParser.autoPos(ScalametaParser.scala:366)
	at scala.meta.internal.parsers.ScalametaParser.source(ScalametaParser.scala:4472)
	at scala.meta.internal.parsers.ScalametaParser.entrypointSource(ScalametaParser.scala:4477)
	at scala.meta.internal.parsers.ScalametaParser.parseSourceImpl(ScalametaParser.scala:127)
	at scala.meta.internal.parsers.ScalametaParser.$anonfun$parseSource$1(ScalametaParser.scala:124)
	at scala.meta.internal.parsers.ScalametaParser.parseRuleAfterBOF(ScalametaParser.scala:51)
	at scala.meta.internal.parsers.ScalametaParser.parseRule(ScalametaParser.scala:46)
	at scala.meta.internal.parsers.ScalametaParser.parseSource(ScalametaParser.scala:124)
	at scala.meta.parsers.Parse$.$anonfun$parseSource$1(Parse.scala:29)
	at scala.meta.parsers.Parse$$anon$1.apply(Parse.scala:36)
	at scala.meta.parsers.Api$XtensionParseDialectInput.parse(Api.scala:25)
	at scala.meta.internal.semanticdb.scalac.ParseOps$XtensionCompilationUnitSource.toSource(ParseOps.scala:17)
	at scala.meta.internal.semanticdb.scalac.TextDocumentOps$XtensionCompilationUnitDocument.toTextDocument(TextDocumentOps.scala:206)
	at scala.meta.internal.pc.SemanticdbTextDocumentProvider.textDocument(SemanticdbTextDocumentProvider.scala:54)

May 08, 2023 9:19:32 PM scala.meta.internal.pc.CompilerAccess handleError
SEVERE: file%3A%2F%2F%2FUsers%2Fsofia.ferreira%2FSource%2FFunctionalProgrammingScala%2Ffunctionalprogrammingscala%2Fproject%2Ftest%2Fscala%2Fweek4%2FHuffmanSuite.scala:3: error: ; expected but : found
class HuffmanSuite extends munit.FunSuite:
                                         ^
file%3A%2F%2F%2FUsers%2Fsofia.ferreira%2FSource%2FFunctionalProgrammingScala%2Ffunctionalprogrammingscala%2Fproject%2Ftest%2Fscala%2Fweek4%2FHuffmanSuite.scala:3: error: ; expected but : found
class HuffmanSuite extends munit.FunSuite:
                                         ^
	at scala.meta.internal.parsers.Reporter.syntaxError(Reporter.scala:16)
	at scala.meta.internal.parsers.Reporter.syntaxError$(Reporter.scala:16)
	at scala.meta.internal.parsers.Reporter$$anon$1.syntaxError(Reporter.scala:22)
	at scala.meta.internal.parsers.Reporter.syntaxError(Reporter.scala:17)
	at scala.meta.internal.parsers.Reporter.syntaxError$(Reporter.scala:17)
	at scala.meta.internal.parsers.Reporter$$anon$1.syntaxError(Reporter.scala:22)
	at scala.meta.internal.parsers.ScalametaParser.syntaxErrorExpected(ScalametaParser.scala:387)
	at scala.meta.internal.parsers.ScalametaParser.accept(ScalametaParser.scala:391)
	at scala.meta.internal.parsers.ScalametaParser.acceptStatSep(ScalametaParser.scala:407)
	at scala.meta.internal.parsers.ScalametaParser.acceptStatSepOpt(ScalametaParser.scala:411)
	at scala.meta.internal.parsers.ScalametaParser.statSeqBuf(ScalametaParser.scala:4299)
	at scala.meta.internal.parsers.ScalametaParser.bracelessPackageStats$1(ScalametaParser.scala:4509)
	at scala.meta.internal.parsers.ScalametaParser.$anonfun$batchSource$11(ScalametaParser.scala:4520)
	at scala.meta.internal.parsers.ScalametaParser.autoEndPos(ScalametaParser.scala:369)
	at scala.meta.internal.parsers.ScalametaParser.$anonfun$batchSource$10(ScalametaParser.scala:4520)
	at scala.meta.internal.parsers.ScalametaParser.tryParse(ScalametaParser.scala:218)
	at scala.meta.internal.parsers.ScalametaParser.$anonfun$batchSource$1(ScalametaParser.scala:4512)
	at scala.meta.internal.parsers.ScalametaParser.atPos(ScalametaParser.scala:320)
	at scala.meta.internal.parsers.ScalametaParser.autoPos(ScalametaParser.scala:366)
	at scala.meta.internal.parsers.ScalametaParser.batchSource(ScalametaParser.scala:4479)
	at scala.meta.internal.parsers.ScalametaParser.$anonfun$source$1(ScalametaParser.scala:4472)
	at scala.meta.internal.parsers.ScalametaParser.atPos(ScalametaParser.scala:320)
	at scala.meta.internal.parsers.ScalametaParser.autoPos(ScalametaParser.scala:366)
	at scala.meta.internal.parsers.ScalametaParser.source(ScalametaParser.scala:4472)
	at scala.meta.internal.parsers.ScalametaParser.entrypointSource(ScalametaParser.scala:4477)
	at scala.meta.internal.parsers.ScalametaParser.parseSourceImpl(ScalametaParser.scala:127)
	at scala.meta.internal.parsers.ScalametaParser.$anonfun$parseSource$1(ScalametaParser.scala:124)
	at scala.meta.internal.parsers.ScalametaParser.parseRuleAfterBOF(ScalametaParser.scala:51)
	at scala.meta.internal.parsers.ScalametaParser.parseRule(ScalametaParser.scala:46)
	at scala.meta.internal.parsers.ScalametaParser.parseSource(ScalametaParser.scala:124)
	at scala.meta.parsers.Parse$.$anonfun$parseSource$1(Parse.scala:29)
	at scala.meta.parsers.Parse$$anon$1.apply(Parse.scala:36)
	at scala.meta.parsers.Api$XtensionParseDialectInput.parse(Api.scala:25)
	at scala.meta.internal.semanticdb.scalac.ParseOps$XtensionCompilationUnitSource.toSource(ParseOps.scala:17)
	at scala.meta.internal.semanticdb.scalac.TextDocumentOps$XtensionCompilationUnitDocument.toTextDocument(TextDocumentOps.scala:206)
	at scala.meta.internal.pc.SemanticdbTextDocumentProvider.textDocument(SemanticdbTextDocumentProvider.scala:54)

May 08, 2023 9:20:52 PM scala.meta.internal.pc.CompilerAccess handleError
SEVERE: file%3A%2F%2F%2FUsers%2Fsofia.ferreira%2FSource%2FFunctionalProgrammingScala%2Ffunctionalprogrammingscala%2Fproject%2Ftest%2Fscala%2Fweek4%2FHuffmanSuite.scala:3: error: ; expected but : found
class HuffmanSuite extends munit.FunSuite:
                                         ^
file%3A%2F%2F%2FUsers%2Fsofia.ferreira%2FSource%2FFunctionalProgrammingScala%2Ffunctionalprogrammingscala%2Fproject%2Ftest%2Fscala%2Fweek4%2FHuffmanSuite.scala:3: error: ; expected but : found
class HuffmanSuite extends munit.FunSuite:
                                         ^
	at scala.meta.internal.parsers.Reporter.syntaxError(Reporter.scala:16)
	at scala.meta.internal.parsers.Reporter.syntaxError$(Reporter.scala:16)
	at scala.meta.internal.parsers.Reporter$$anon$1.syntaxError(Reporter.scala:22)
	at scala.meta.internal.parsers.Reporter.syntaxError(Reporter.scala:17)
	at scala.meta.internal.parsers.Reporter.syntaxError$(Reporter.scala:17)
	at scala.meta.internal.parsers.Reporter$$anon$1.syntaxError(Reporter.scala:22)
	at scala.meta.internal.parsers.ScalametaParser.syntaxErrorExpected(ScalametaParser.scala:387)
	at scala.meta.internal.parsers.ScalametaParser.accept(ScalametaParser.scala:391)
	at scala.meta.internal.parsers.ScalametaParser.acceptStatSep(ScalametaParser.scala:407)
	at scala.meta.internal.parsers.ScalametaParser.acceptStatSepOpt(ScalametaParser.scala:411)
	at scala.meta.internal.parsers.ScalametaParser.statSeqBuf(ScalametaParser.scala:4299)
	at scala.meta.internal.parsers.ScalametaParser.bracelessPackageStats$1(ScalametaParser.scala:4509)
	at scala.meta.internal.parsers.ScalametaParser.$anonfun$batchSource$11(ScalametaParser.scala:4520)
	at scala.meta.internal.parsers.ScalametaParser.autoEndPos(ScalametaParser.scala:369)
	at scala.meta.internal.parsers.ScalametaParser.$anonfun$batchSource$10(ScalametaParser.scala:4520)
	at scala.meta.internal.parsers.ScalametaParser.tryParse(ScalametaParser.scala:218)
	at scala.meta.internal.parsers.ScalametaParser.$anonfun$batchSource$1(ScalametaParser.scala:4512)
	at scala.meta.internal.parsers.ScalametaParser.atPos(ScalametaParser.scala:320)
	at scala.meta.internal.parsers.ScalametaParser.autoPos(ScalametaParser.scala:366)
	at scala.meta.internal.parsers.ScalametaParser.batchSource(ScalametaParser.scala:4479)
	at scala.meta.internal.parsers.ScalametaParser.$anonfun$source$1(ScalametaParser.scala:4472)
	at scala.meta.internal.parsers.ScalametaParser.atPos(ScalametaParser.scala:320)
	at scala.meta.internal.parsers.ScalametaParser.autoPos(ScalametaParser.scala:366)
	at scala.meta.internal.parsers.ScalametaParser.source(ScalametaParser.scala:4472)
	at scala.meta.internal.parsers.ScalametaParser.entrypointSource(ScalametaParser.scala:4477)
	at scala.meta.internal.parsers.ScalametaParser.parseSourceImpl(ScalametaParser.scala:127)
	at scala.meta.internal.parsers.ScalametaParser.$anonfun$parseSource$1(ScalametaParser.scala:124)
	at scala.meta.internal.parsers.ScalametaParser.parseRuleAfterBOF(ScalametaParser.scala:51)
	at scala.meta.internal.parsers.ScalametaParser.parseRule(ScalametaParser.scala:46)
	at scala.meta.internal.parsers.ScalametaParser.parseSource(ScalametaParser.scala:124)
	at scala.meta.parsers.Parse$.$anonfun$parseSource$1(Parse.scala:29)
	at scala.meta.parsers.Parse$$anon$1.apply(Parse.scala:36)
	at scala.meta.parsers.Api$XtensionParseDialectInput.parse(Api.scala:25)
	at scala.meta.internal.semanticdb.scalac.ParseOps$XtensionCompilationUnitSource.toSource(ParseOps.scala:17)
	at scala.meta.internal.semanticdb.scalac.TextDocumentOps$XtensionCompilationUnitDocument.toTextDocument(TextDocumentOps.scala:206)
	at scala.meta.internal.pc.SemanticdbTextDocumentProvider.textDocument(SemanticdbTextDocumentProvider.scala:54)

2023.05.08 21:20:52 WARN  sbt does not support `buildTarget/inverseSources`, unable to fetch targets owning source.
2023.05.08 21:20:52 WARN  no build target for: /Users/sofia.ferreira/Source/FunctionalProgrammingScala/functionalprogrammingscala/project/test/scala/week3/TweetSetInterface.scala
May 08, 2023 9:20:52 PM scala.meta.internal.pc.CompilerAccess handleError
SEVERE: file%3A%2F%2F%2FUsers%2Fsofia.ferreira%2FSource%2FFunctionalProgrammingScala%2Ffunctionalprogrammingscala%2Fproject%2Ftest%2Fscala%2Fweek3%2FTweetSetInterface.scala:7: error: ; expected but : found
trait TweetSetInterface:
                       ^
file%3A%2F%2F%2FUsers%2Fsofia.ferreira%2FSource%2FFunctionalProgrammingScala%2Ffunctionalprogrammingscala%2Fproject%2Ftest%2Fscala%2Fweek3%2FTweetSetInterface.scala:7: error: ; expected but : found
trait TweetSetInterface:
                       ^
	at scala.meta.internal.parsers.Reporter.syntaxError(Reporter.scala:16)
	at scala.meta.internal.parsers.Reporter.syntaxError$(Reporter.scala:16)
	at scala.meta.internal.parsers.Reporter$$anon$1.syntaxError(Reporter.scala:22)
	at scala.meta.internal.parsers.Reporter.syntaxError(Reporter.scala:17)
	at scala.meta.internal.parsers.Reporter.syntaxError$(Reporter.scala:17)
	at scala.meta.internal.parsers.Reporter$$anon$1.syntaxError(Reporter.scala:22)
	at scala.meta.internal.parsers.ScalametaParser.syntaxErrorExpected(ScalametaParser.scala:387)
	at scala.meta.internal.parsers.ScalametaParser.accept(ScalametaParser.scala:391)
	at scala.meta.internal.parsers.ScalametaParser.acceptStatSep(ScalametaParser.scala:407)
	at scala.meta.internal.parsers.ScalametaParser.acceptStatSepOpt(ScalametaParser.scala:411)
	at scala.meta.internal.parsers.ScalametaParser.statSeqBuf(ScalametaParser.scala:4299)
	at scala.meta.internal.parsers.ScalametaParser.bracelessPackageStats$1(ScalametaParser.scala:4509)
	at scala.meta.internal.parsers.ScalametaParser.$anonfun$batchSource$11(ScalametaParser.scala:4520)
	at scala.meta.internal.parsers.ScalametaParser.autoEndPos(ScalametaParser.scala:369)
	at scala.meta.internal.parsers.ScalametaParser.$anonfun$batchSource$10(ScalametaParser.scala:4520)
	at scala.meta.internal.parsers.ScalametaParser.tryParse(ScalametaParser.scala:218)
	at scala.meta.internal.parsers.ScalametaParser.$anonfun$batchSource$1(ScalametaParser.scala:4512)
	at scala.meta.internal.parsers.ScalametaParser.atPos(ScalametaParser.scala:320)
	at scala.meta.internal.parsers.ScalametaParser.autoPos(ScalametaParser.scala:366)
	at scala.meta.internal.parsers.ScalametaParser.batchSource(ScalametaParser.scala:4479)
	at scala.meta.internal.parsers.ScalametaParser.$anonfun$source$1(ScalametaParser.scala:4472)
	at scala.meta.internal.parsers.ScalametaParser.atPos(ScalametaParser.scala:320)
	at scala.meta.internal.parsers.ScalametaParser.autoPos(ScalametaParser.scala:366)
	at scala.meta.internal.parsers.ScalametaParser.source(ScalametaParser.scala:4472)
	at scala.meta.internal.parsers.ScalametaParser.entrypointSource(ScalametaParser.scala:4477)
	at scala.meta.internal.parsers.ScalametaParser.parseSourceImpl(ScalametaParser.scala:127)
	at scala.meta.internal.parsers.ScalametaParser.$anonfun$parseSource$1(ScalametaParser.scala:124)
	at scala.meta.internal.parsers.ScalametaParser.parseRuleAfterBOF(ScalametaParser.scala:51)
	at scala.meta.internal.parsers.ScalametaParser.parseRule(ScalametaParser.scala:46)
	at scala.meta.internal.parsers.ScalametaParser.parseSource(ScalametaParser.scala:124)
	at scala.meta.parsers.Parse$.$anonfun$parseSource$1(Parse.scala:29)
	at scala.meta.parsers.Parse$$anon$1.apply(Parse.scala:36)
	at scala.meta.parsers.Api$XtensionParseDialectInput.parse(Api.scala:25)
	at scala.meta.internal.semanticdb.scalac.ParseOps$XtensionCompilationUnitSource.toSource(ParseOps.scala:17)
	at scala.meta.internal.semanticdb.scalac.TextDocumentOps$XtensionCompilationUnitDocument.toTextDocument(TextDocumentOps.scala:206)
	at scala.meta.internal.pc.SemanticdbTextDocumentProvider.textDocument(SemanticdbTextDocumentProvider.scala:54)

May 08, 2023 9:20:53 PM scala.meta.internal.pc.CompilerAccess handleError
SEVERE: file%3A%2F%2F%2FUsers%2Fsofia.ferreira%2FSource%2FFunctionalProgrammingScala%2Ffunctionalprogrammingscala%2Fproject%2Ftest%2Fscala%2Fweek3%2FTweetSetInterface.scala:7: error: ; expected but : found
trait TweetSetInterface:
                       ^
file%3A%2F%2F%2FUsers%2Fsofia.ferreira%2FSource%2FFunctionalProgrammingScala%2Ffunctionalprogrammingscala%2Fproject%2Ftest%2Fscala%2Fweek3%2FTweetSetInterface.scala:7: error: ; expected but : found
trait TweetSetInterface:
                       ^
	at scala.meta.internal.parsers.Reporter.syntaxError(Reporter.scala:16)
	at scala.meta.internal.parsers.Reporter.syntaxError$(Reporter.scala:16)
	at scala.meta.internal.parsers.Reporter$$anon$1.syntaxError(Reporter.scala:22)
	at scala.meta.internal.parsers.Reporter.syntaxError(Reporter.scala:17)
	at scala.meta.internal.parsers.Reporter.syntaxError$(Reporter.scala:17)
	at scala.meta.internal.parsers.Reporter$$anon$1.syntaxError(Reporter.scala:22)
	at scala.meta.internal.parsers.ScalametaParser.syntaxErrorExpected(ScalametaParser.scala:387)
	at scala.meta.internal.parsers.ScalametaParser.accept(ScalametaParser.scala:391)
	at scala.meta.internal.parsers.ScalametaParser.acceptStatSep(ScalametaParser.scala:407)
	at scala.meta.internal.parsers.ScalametaParser.acceptStatSepOpt(ScalametaParser.scala:411)
	at scala.meta.internal.parsers.ScalametaParser.statSeqBuf(ScalametaParser.scala:4299)
	at scala.meta.internal.parsers.ScalametaParser.bracelessPackageStats$1(ScalametaParser.scala:4509)
	at scala.meta.internal.parsers.ScalametaParser.$anonfun$batchSource$11(ScalametaParser.scala:4520)
	at scala.meta.internal.parsers.ScalametaParser.autoEndPos(ScalametaParser.scala:369)
	at scala.meta.internal.parsers.ScalametaParser.$anonfun$batchSource$10(ScalametaParser.scala:4520)
	at scala.meta.internal.parsers.ScalametaParser.tryParse(ScalametaParser.scala:218)
	at scala.meta.internal.parsers.ScalametaParser.$anonfun$batchSource$1(ScalametaParser.scala:4512)
	at scala.meta.internal.parsers.ScalametaParser.atPos(ScalametaParser.scala:320)
	at scala.meta.internal.parsers.ScalametaParser.autoPos(ScalametaParser.scala:366)
	at scala.meta.internal.parsers.ScalametaParser.batchSource(ScalametaParser.scala:4479)
	at scala.meta.internal.parsers.ScalametaParser.$anonfun$source$1(ScalametaParser.scala:4472)
	at scala.meta.internal.parsers.ScalametaParser.atPos(ScalametaParser.scala:320)
	at scala.meta.internal.parsers.ScalametaParser.autoPos(ScalametaParser.scala:366)
	at scala.meta.internal.parsers.ScalametaParser.source(ScalametaParser.scala:4472)
	at scala.meta.internal.parsers.ScalametaParser.entrypointSource(ScalametaParser.scala:4477)
	at scala.meta.internal.parsers.ScalametaParser.parseSourceImpl(ScalametaParser.scala:127)
	at scala.meta.internal.parsers.ScalametaParser.$anonfun$parseSource$1(ScalametaParser.scala:124)
	at scala.meta.internal.parsers.ScalametaParser.parseRuleAfterBOF(ScalametaParser.scala:51)
	at scala.meta.internal.parsers.ScalametaParser.parseRule(ScalametaParser.scala:46)
	at scala.meta.internal.parsers.ScalametaParser.parseSource(ScalametaParser.scala:124)
	at scala.meta.parsers.Parse$.$anonfun$parseSource$1(Parse.scala:29)
	at scala.meta.parsers.Parse$$anon$1.apply(Parse.scala:36)
	at scala.meta.parsers.Api$XtensionParseDialectInput.parse(Api.scala:25)
	at scala.meta.internal.semanticdb.scalac.ParseOps$XtensionCompilationUnitSource.toSource(ParseOps.scala:17)
	at scala.meta.internal.semanticdb.scalac.TextDocumentOps$XtensionCompilationUnitDocument.toTextDocument(TextDocumentOps.scala:206)
	at scala.meta.internal.pc.SemanticdbTextDocumentProvider.textDocument(SemanticdbTextDocumentProvider.scala:54)

May 08, 2023 9:20:53 PM scala.meta.internal.pc.CompilerAccess handleError
SEVERE: file%3A%2F%2F%2FUsers%2Fsofia.ferreira%2FSource%2FFunctionalProgrammingScala%2Ffunctionalprogrammingscala%2Fproject%2Ftest%2Fscala%2Fweek4%2FHuffmanSuite.scala:3: error: ; expected but : found
class HuffmanSuite extends munit.FunSuite:
                                         ^
file%3A%2F%2F%2FUsers%2Fsofia.ferreira%2FSource%2FFunctionalProgrammingScala%2Ffunctionalprogrammingscala%2Fproject%2Ftest%2Fscala%2Fweek4%2FHuffmanSuite.scala:3: error: ; expected but : found
class HuffmanSuite extends munit.FunSuite:
                                         ^
	at scala.meta.internal.parsers.Reporter.syntaxError(Reporter.scala:16)
	at scala.meta.internal.parsers.Reporter.syntaxError$(Reporter.scala:16)
	at scala.meta.internal.parsers.Reporter$$anon$1.syntaxError(Reporter.scala:22)
	at scala.meta.internal.parsers.Reporter.syntaxError(Reporter.scala:17)
	at scala.meta.internal.parsers.Reporter.syntaxError$(Reporter.scala:17)
	at scala.meta.internal.parsers.Reporter$$anon$1.syntaxError(Reporter.scala:22)
	at scala.meta.internal.parsers.ScalametaParser.syntaxErrorExpected(ScalametaParser.scala:387)
	at scala.meta.internal.parsers.ScalametaParser.accept(ScalametaParser.scala:391)
	at scala.meta.internal.parsers.ScalametaParser.acceptStatSep(ScalametaParser.scala:407)
	at scala.meta.internal.parsers.ScalametaParser.acceptStatSepOpt(ScalametaParser.scala:411)
	at scala.meta.internal.parsers.ScalametaParser.statSeqBuf(ScalametaParser.scala:4299)
	at scala.meta.internal.parsers.ScalametaParser.bracelessPackageStats$1(ScalametaParser.scala:4509)
	at scala.meta.internal.parsers.ScalametaParser.$anonfun$batchSource$11(ScalametaParser.scala:4520)
	at scala.meta.internal.parsers.ScalametaParser.autoEndPos(ScalametaParser.scala:369)
	at scala.meta.internal.parsers.ScalametaParser.$anonfun$batchSource$10(ScalametaParser.scala:4520)
	at scala.meta.internal.parsers.ScalametaParser.tryParse(ScalametaParser.scala:218)
	at scala.meta.internal.parsers.ScalametaParser.$anonfun$batchSource$1(ScalametaParser.scala:4512)
	at scala.meta.internal.parsers.ScalametaParser.atPos(ScalametaParser.scala:320)
	at scala.meta.internal.parsers.ScalametaParser.autoPos(ScalametaParser.scala:366)
	at scala.meta.internal.parsers.ScalametaParser.batchSource(ScalametaParser.scala:4479)
	at scala.meta.internal.parsers.ScalametaParser.$anonfun$source$1(ScalametaParser.scala:4472)
	at scala.meta.internal.parsers.ScalametaParser.atPos(ScalametaParser.scala:320)
	at scala.meta.internal.parsers.ScalametaParser.autoPos(ScalametaParser.scala:366)
	at scala.meta.internal.parsers.ScalametaParser.source(ScalametaParser.scala:4472)
	at scala.meta.internal.parsers.ScalametaParser.entrypointSource(ScalametaParser.scala:4477)
	at scala.meta.internal.parsers.ScalametaParser.parseSourceImpl(ScalametaParser.scala:127)
	at scala.meta.internal.parsers.ScalametaParser.$anonfun$parseSource$1(ScalametaParser.scala:124)
	at scala.meta.internal.parsers.ScalametaParser.parseRuleAfterBOF(ScalametaParser.scala:51)
	at scala.meta.internal.parsers.ScalametaParser.parseRule(ScalametaParser.scala:46)
	at scala.meta.internal.parsers.ScalametaParser.parseSource(ScalametaParser.scala:124)
	at scala.meta.parsers.Parse$.$anonfun$parseSource$1(Parse.scala:29)
	at scala.meta.parsers.Parse$$anon$1.apply(Parse.scala:36)
	at scala.meta.parsers.Api$XtensionParseDialectInput.parse(Api.scala:25)
	at scala.meta.internal.semanticdb.scalac.ParseOps$XtensionCompilationUnitSource.toSource(ParseOps.scala:17)
	at scala.meta.internal.semanticdb.scalac.TextDocumentOps$XtensionCompilationUnitDocument.toTextDocument(TextDocumentOps.scala:206)
	at scala.meta.internal.pc.SemanticdbTextDocumentProvider.textDocument(SemanticdbTextDocumentProvider.scala:54)

